<?xml version="1.0" encoding="UTF-8"?>
<testng-results ignored="0" total="5" passed="0" failed="5" skipped="0">
  <reporter-output>
  </reporter-output>
  <suite started-at="2022-01-05T21:56:44 IST" name="Suite" finished-at="2022-01-05T21:57:09 IST" duration-ms="25275">
    <groups>
      <group name="cucumber">
        <method signature="AbstractTestNGCucumberTests.runScenario(io.cucumber.testng.PickleWrapper,io.cucumber.testng.FeatureWrapper)[pri:0, instance:CucumberTestCases.TestRunner@7c711375]" name="runScenario" class="io.cucumber.testng.AbstractTestNGCucumberTests"/>
      </group> <!-- cucumber -->
    </groups>
    <test started-at="2022-01-05T21:56:44 IST" name="Test" finished-at="2022-01-05T21:57:09 IST" duration-ms="25275">
      <class name="CucumberTestCases.TestRunner">
        <test-method is-config="true" signature="setUpClass()[pri:0, instance:CucumberTestCases.TestRunner@7c711375]" started-at="2022-01-05T21:56:44 IST" name="setUpClass" finished-at="2022-01-05T21:56:44 IST" duration-ms="209" status="PASS">
          <reporter-output>
          </reporter-output>
        </test-method> <!-- setUpClass -->
        <test-method signature="runScenario(io.cucumber.testng.PickleWrapper,io.cucumber.testng.FeatureWrapper)[pri:0, instance:CucumberTestCases.TestRunner@7c711375]" started-at="2022-01-05T21:56:44 IST" name="runScenario" description="Runs Cucumber Scenarios" data-provider="scenarios" finished-at="2022-01-05T21:56:50 IST" duration-ms="5382" status="FAIL">
          <params>
            <param index="0">
              <value>
                <![CDATA["scripts for amazon search products"]]>
              </value>
            </param>
            <param index="1">
              <value>
                <![CDATA["Optional[Scripts for Amazon search]"]]>
              </value>
            </param>
          </params>
          <exception class="java.lang.ExceptionInInitializerError">
            <full-stacktrace>
              <![CDATA[java.lang.ExceptionInInitializerError
at java.base/jdk.internal.reflect.NativeConstructorAccessorImpl.newInstance0(Native Method)
at java.base/jdk.internal.reflect.NativeConstructorAccessorImpl.newInstance(NativeConstructorAccessorImpl.java:62)
at java.base/jdk.internal.reflect.DelegatingConstructorAccessorImpl.newInstance(DelegatingConstructorAccessorImpl.java:45)
at java.base/java.lang.reflect.Constructor.newInstanceWithCaller(Constructor.java:500)
at java.base/java.lang.reflect.ReflectAccess.newInstance(ReflectAccess.java:124)
at java.base/jdk.internal.reflect.ReflectionFactory.newInstance(ReflectionFactory.java:346)
at java.base/java.lang.Class.newInstance(Class.java:604)
at org.openqa.selenium.support.PageFactory.instantiatePage(PageFactory.java:131)
at org.openqa.selenium.support.PageFactory.initElements(PageFactory.java:64)
at CucumberTestCases.Amazon_Search_Definition_Class.user_insert_search_for_products(Amazon_Search_Definition_Class.java:33)
at ✽.user insert "Samsung phones" for products(file:///E:/SeleniumFrame_Works/Cucumber_Amazon/Cucumber_TestProject/Features/search.feature:9)
Caused by: java.lang.NullPointerException: Cannot invoke "org.openqa.selenium.WebElement.getText()" because "AppElements.Search_Elements.productName" is null
at AppElements.Search_Elements.<clinit>(Search_Elements.java:13)
at java.base/jdk.internal.reflect.NativeConstructorAccessorImpl.newInstance0(Native Method)
at java.base/jdk.internal.reflect.NativeConstructorAccessorImpl.newInstance(NativeConstructorAccessorImpl.java:62)
at java.base/jdk.internal.reflect.DelegatingConstructorAccessorImpl.newInstance(DelegatingConstructorAccessorImpl.java:45)
at java.base/java.lang.reflect.Constructor.newInstanceWithCaller(Constructor.java:500)
at java.base/java.lang.reflect.ReflectAccess.newInstance(ReflectAccess.java:124)
at java.base/jdk.internal.reflect.ReflectionFactory.newInstance(ReflectionFactory.java:346)
at java.base/java.lang.Class.newInstance(Class.java:604)
at org.openqa.selenium.support.PageFactory.instantiatePage(PageFactory.java:131)
at org.openqa.selenium.support.PageFactory.initElements(PageFactory.java:64)
at CucumberTestCases.Amazon_Search_Definition_Class.user_insert_search_for_products(Amazon_Search_Definition_Class.java:33)
at java.base/jdk.internal.reflect.NativeMethodAccessorImpl.invoke0(Native Method)
at java.base/jdk.internal.reflect.NativeMethodAccessorImpl.invoke(NativeMethodAccessorImpl.java:62)
at java.base/jdk.internal.reflect.DelegatingMethodAccessorImpl.invoke(DelegatingMethodAccessorImpl.java:43)
at java.base/java.lang.reflect.Method.invoke(Method.java:564)
at io.cucumber.java.Invoker.doInvoke(Invoker.java:66)
at io.cucumber.java.Invoker.invoke(Invoker.java:24)
at io.cucumber.java.AbstractGlueDefinition.invokeMethod(AbstractGlueDefinition.java:47)
at io.cucumber.java.JavaStepDefinition.execute(JavaStepDefinition.java:29)
at io.cucumber.core.runner.CoreStepDefinition.execute(CoreStepDefinition.java:66)
at io.cucumber.core.runner.PickleStepDefinitionMatch.runStep(PickleStepDefinitionMatch.java:63)
at io.cucumber.core.runner.ExecutionMode$1.execute(ExecutionMode.java:10)
at io.cucumber.core.runner.TestStep.executeStep(TestStep.java:92)
at io.cucumber.core.runner.TestStep.run(TestStep.java:64)
at io.cucumber.core.runner.PickleStepTestStep.run(PickleStepTestStep.java:51)
at io.cucumber.core.runner.TestCase.run(TestCase.java:104)
at io.cucumber.core.runner.Runner.runPickle(Runner.java:73)
at io.cucumber.testng.TestNGCucumberRunner.lambda$runScenario$1(TestNGCucumberRunner.java:134)
at io.cucumber.core.runtime.CucumberExecutionContext.runTestCase(CucumberExecutionContext.java:117)
at io.cucumber.testng.TestNGCucumberRunner.runScenario(TestNGCucumberRunner.java:131)
at io.cucumber.testng.AbstractTestNGCucumberTests.runScenario(AbstractTestNGCucumberTests.java:31)
at java.base/jdk.internal.reflect.NativeMethodAccessorImpl.invoke0(Native Method)
at java.base/jdk.internal.reflect.NativeMethodAccessorImpl.invoke(NativeMethodAccessorImpl.java:62)
at java.base/jdk.internal.reflect.DelegatingMethodAccessorImpl.invoke(DelegatingMethodAccessorImpl.java:43)
at java.base/java.lang.reflect.Method.invoke(Method.java:564)
at org.testng.internal.MethodInvocationHelper.invokeMethod(MethodInvocationHelper.java:133)
at org.testng.internal.TestInvoker.invokeMethod(TestInvoker.java:598)
at org.testng.internal.TestInvoker.invokeTestMethod(TestInvoker.java:173)
at org.testng.internal.MethodRunner.runInSequence(MethodRunner.java:46)
at org.testng.internal.TestInvoker$MethodInvocationAgent.invoke(TestInvoker.java:824)
at org.testng.internal.TestInvoker.invokeTestMethods(TestInvoker.java:146)
at org.testng.internal.TestMethodWorker.invokeTestMethods(TestMethodWorker.java:146)
at org.testng.internal.TestMethodWorker.run(TestMethodWorker.java:128)
at java.base/java.util.ArrayList.forEach(ArrayList.java:1511)
at org.testng.TestRunner.privateRun(TestRunner.java:794)
at org.testng.TestRunner.run(TestRunner.java:596)
at org.testng.SuiteRunner.runTest(SuiteRunner.java:377)
at org.testng.SuiteRunner.runSequentially(SuiteRunner.java:371)
at org.testng.SuiteRunner.privateRun(SuiteRunner.java:332)
at org.testng.SuiteRunner.run(SuiteRunner.java:276)
at org.testng.SuiteRunnerWorker.runSuite(SuiteRunnerWorker.java:53)
at org.testng.SuiteRunnerWorker.run(SuiteRunnerWorker.java:96)
at org.testng.TestNG.runSuitesSequentially(TestNG.java:1212)
at org.testng.TestNG.runSuitesLocally(TestNG.java:1134)
at org.testng.TestNG.runSuites(TestNG.java:1063)
at org.testng.TestNG.run(TestNG.java:1031)
at org.testng.remote.AbstractRemoteTestNG.run(AbstractRemoteTestNG.java:115)
at org.testng.remote.RemoteTestNG.initAndRun(RemoteTestNG.java:251)
at org.testng.remote.RemoteTestNG.main(RemoteTestNG.java:77)
]]>
            </full-stacktrace>
          </exception> <!-- java.lang.ExceptionInInitializerError -->
          <reporter-output>
          </reporter-output>
        </test-method> <!-- runScenario -->
        <test-method signature="runScenario(io.cucumber.testng.PickleWrapper,io.cucumber.testng.FeatureWrapper)[pri:0, instance:CucumberTestCases.TestRunner@7c711375]" started-at="2022-01-05T21:56:50 IST" name="runScenario" description="Runs Cucumber Scenarios" data-provider="scenarios" finished-at="2022-01-05T21:56:55 IST" duration-ms="5160" status="FAIL">
          <params>
            <param index="0">
              <value>
                <![CDATA["scripts for amazon search products"]]>
              </value>
            </param>
            <param index="1">
              <value>
                <![CDATA["Optional[Scripts for Amazon search]"]]>
              </value>
            </param>
          </params>
          <exception class="java.lang.NoClassDefFoundError">
            <message>
              <![CDATA[Could not initialize class AppElements.Search_Elements]]>
            </message>
            <full-stacktrace>
              <![CDATA[java.lang.NoClassDefFoundError: Could not initialize class AppElements.Search_Elements
at java.base/jdk.internal.reflect.NativeConstructorAccessorImpl.newInstance0(Native Method)
at java.base/jdk.internal.reflect.NativeConstructorAccessorImpl.newInstance(NativeConstructorAccessorImpl.java:62)
at java.base/jdk.internal.reflect.DelegatingConstructorAccessorImpl.newInstance(DelegatingConstructorAccessorImpl.java:45)
at java.base/java.lang.reflect.Constructor.newInstanceWithCaller(Constructor.java:500)
at java.base/java.lang.reflect.ReflectAccess.newInstance(ReflectAccess.java:124)
at java.base/jdk.internal.reflect.ReflectionFactory.newInstance(ReflectionFactory.java:346)
at java.base/java.lang.Class.newInstance(Class.java:604)
at org.openqa.selenium.support.PageFactory.instantiatePage(PageFactory.java:131)
at org.openqa.selenium.support.PageFactory.initElements(PageFactory.java:64)
at CucumberTestCases.Amazon_Search_Definition_Class.user_insert_search_for_products(Amazon_Search_Definition_Class.java:33)
at ✽.user insert "Apple phones" for products(file:///E:/SeleniumFrame_Works/Cucumber_Amazon/Cucumber_TestProject/Features/search.feature:9)
]]>
            </full-stacktrace>
          </exception> <!-- java.lang.NoClassDefFoundError -->
          <reporter-output>
          </reporter-output>
        </test-method> <!-- runScenario -->
        <test-method signature="runScenario(io.cucumber.testng.PickleWrapper,io.cucumber.testng.FeatureWrapper)[pri:0, instance:CucumberTestCases.TestRunner@7c711375]" started-at="2022-01-05T21:56:55 IST" name="runScenario" description="Runs Cucumber Scenarios" data-provider="scenarios" finished-at="2022-01-05T21:56:58 IST" duration-ms="3313" status="FAIL">
          <params>
            <param index="0">
              <value>
                <![CDATA["scripts for amazon search products"]]>
              </value>
            </param>
            <param index="1">
              <value>
                <![CDATA["Optional[Scripts for Amazon search]"]]>
              </value>
            </param>
          </params>
          <exception class="java.lang.NoClassDefFoundError">
            <message>
              <![CDATA[Could not initialize class AppElements.Search_Elements]]>
            </message>
            <full-stacktrace>
              <![CDATA[java.lang.NoClassDefFoundError: Could not initialize class AppElements.Search_Elements
at java.base/jdk.internal.reflect.NativeConstructorAccessorImpl.newInstance0(Native Method)
at java.base/jdk.internal.reflect.NativeConstructorAccessorImpl.newInstance(NativeConstructorAccessorImpl.java:62)
at java.base/jdk.internal.reflect.DelegatingConstructorAccessorImpl.newInstance(DelegatingConstructorAccessorImpl.java:45)
at java.base/java.lang.reflect.Constructor.newInstanceWithCaller(Constructor.java:500)
at java.base/java.lang.reflect.ReflectAccess.newInstance(ReflectAccess.java:124)
at java.base/jdk.internal.reflect.ReflectionFactory.newInstance(ReflectionFactory.java:346)
at java.base/java.lang.Class.newInstance(Class.java:604)
at org.openqa.selenium.support.PageFactory.instantiatePage(PageFactory.java:131)
at org.openqa.selenium.support.PageFactory.initElements(PageFactory.java:64)
at CucumberTestCases.Amazon_Search_Definition_Class.user_insert_search_for_products(Amazon_Search_Definition_Class.java:33)
at ✽.user insert "lenovo Computers" for products(file:///E:/SeleniumFrame_Works/Cucumber_Amazon/Cucumber_TestProject/Features/search.feature:9)
]]>
            </full-stacktrace>
          </exception> <!-- java.lang.NoClassDefFoundError -->
          <reporter-output>
          </reporter-output>
        </test-method> <!-- runScenario -->
        <test-method signature="runScenario(io.cucumber.testng.PickleWrapper,io.cucumber.testng.FeatureWrapper)[pri:0, instance:CucumberTestCases.TestRunner@7c711375]" started-at="2022-01-05T21:56:58 IST" name="runScenario" description="Runs Cucumber Scenarios" data-provider="scenarios" finished-at="2022-01-05T21:57:06 IST" duration-ms="7665" status="FAIL">
          <params>
            <param index="0">
              <value>
                <![CDATA["scripts for amazon search products"]]>
              </value>
            </param>
            <param index="1">
              <value>
                <![CDATA["Optional[Scripts for Amazon search]"]]>
              </value>
            </param>
          </params>
          <exception class="java.lang.NoClassDefFoundError">
            <message>
              <![CDATA[Could not initialize class AppElements.Search_Elements]]>
            </message>
            <full-stacktrace>
              <![CDATA[java.lang.NoClassDefFoundError: Could not initialize class AppElements.Search_Elements
at java.base/jdk.internal.reflect.NativeConstructorAccessorImpl.newInstance0(Native Method)
at java.base/jdk.internal.reflect.NativeConstructorAccessorImpl.newInstance(NativeConstructorAccessorImpl.java:62)
at java.base/jdk.internal.reflect.DelegatingConstructorAccessorImpl.newInstance(DelegatingConstructorAccessorImpl.java:45)
at java.base/java.lang.reflect.Constructor.newInstanceWithCaller(Constructor.java:500)
at java.base/java.lang.reflect.ReflectAccess.newInstance(ReflectAccess.java:124)
at java.base/jdk.internal.reflect.ReflectionFactory.newInstance(ReflectionFactory.java:346)
at java.base/java.lang.Class.newInstance(Class.java:604)
at org.openqa.selenium.support.PageFactory.instantiatePage(PageFactory.java:131)
at org.openqa.selenium.support.PageFactory.initElements(PageFactory.java:64)
at CucumberTestCases.Amazon_Search_Definition_Class.user_insert_search_for_products(Amazon_Search_Definition_Class.java:33)
at ✽.user insert "HP Computers" for products(file:///E:/SeleniumFrame_Works/Cucumber_Amazon/Cucumber_TestProject/Features/search.feature:9)
]]>
            </full-stacktrace>
          </exception> <!-- java.lang.NoClassDefFoundError -->
          <reporter-output>
          </reporter-output>
        </test-method> <!-- runScenario -->
        <test-method signature="runScenario(io.cucumber.testng.PickleWrapper,io.cucumber.testng.FeatureWrapper)[pri:0, instance:CucumberTestCases.TestRunner@7c711375]" started-at="2022-01-05T21:57:06 IST" name="runScenario" description="Runs Cucumber Scenarios" data-provider="scenarios" finished-at="2022-01-05T21:57:09 IST" duration-ms="3428" status="FAIL">
          <params>
            <param index="0">
              <value>
                <![CDATA["scripts for amazon search products"]]>
              </value>
            </param>
            <param index="1">
              <value>
                <![CDATA["Optional[Scripts for Amazon search]"]]>
              </value>
            </param>
          </params>
          <exception class="java.lang.NoClassDefFoundError">
            <message>
              <![CDATA[Could not initialize class AppElements.Search_Elements]]>
            </message>
            <full-stacktrace>
              <![CDATA[java.lang.NoClassDefFoundError: Could not initialize class AppElements.Search_Elements
at java.base/jdk.internal.reflect.NativeConstructorAccessorImpl.newInstance0(Native Method)
at java.base/jdk.internal.reflect.NativeConstructorAccessorImpl.newInstance(NativeConstructorAccessorImpl.java:62)
at java.base/jdk.internal.reflect.DelegatingConstructorAccessorImpl.newInstance(DelegatingConstructorAccessorImpl.java:45)
at java.base/java.lang.reflect.Constructor.newInstanceWithCaller(Constructor.java:500)
at java.base/java.lang.reflect.ReflectAccess.newInstance(ReflectAccess.java:124)
at java.base/jdk.internal.reflect.ReflectionFactory.newInstance(ReflectionFactory.java:346)
at java.base/java.lang.Class.newInstance(Class.java:604)
at org.openqa.selenium.support.PageFactory.instantiatePage(PageFactory.java:131)
at org.openqa.selenium.support.PageFactory.initElements(PageFactory.java:64)
at CucumberTestCases.Amazon_Search_Definition_Class.user_insert_search_for_products(Amazon_Search_Definition_Class.java:33)
at ✽.user insert "Mac computers" for products(file:///E:/SeleniumFrame_Works/Cucumber_Amazon/Cucumber_TestProject/Features/search.feature:9)
]]>
            </full-stacktrace>
          </exception> <!-- java.lang.NoClassDefFoundError -->
          <reporter-output>
          </reporter-output>
        </test-method> <!-- runScenario -->
        <test-method is-config="true" signature="tearDownClass()[pri:0, instance:CucumberTestCases.TestRunner@7c711375]" started-at="2022-01-05T21:57:09 IST" name="tearDownClass" finished-at="2022-01-05T21:57:09 IST" duration-ms="53" status="PASS">
          <reporter-output>
          </reporter-output>
        </test-method> <!-- tearDownClass -->
      </class> <!-- CucumberTestCases.TestRunner -->
    </test> <!-- Test -->
  </suite> <!-- Suite -->
</testng-results>
